Started GET "/" for 127.0.0.1 at 2017-07-05 10:14:31 +0800
Processing by Rails::WelcomeController#index as HTML
  Parameters: {"internal"=>true}
  Rendering C:/RailsInstaller/Ruby2.2.0/lib/ruby/gems/2.2.0/gems/railties-5.0.4/lib/rails/templates/rails/welcome/index.html.erb
  Rendered C:/RailsInstaller/Ruby2.2.0/lib/ruby/gems/2.2.0/gems/railties-5.0.4/lib/rails/templates/rails/welcome/index.html.erb (15.6ms)
Completed 200 OK in 140ms (Views: 66.8ms | ActiveRecord: 0.0ms)


Started GET "/branches" for 127.0.0.1 at 2017-07-05 10:19:33 +0800
  
ActiveRecord::PendingMigrationError (

Migrations are pending. To resolve this issue, run:

        bin/rails db:migrate RAILS_ENV=development

):
  
activerecord (5.0.4) lib/active_record/migration.rb:573:in `check_pending!'
activerecord (5.0.4) lib/active_record/migration.rb:549:in `call'
actionpack (5.0.4) lib/action_dispatch/middleware/callbacks.rb:38:in `block in call'
activesupport (5.0.4) lib/active_support/callbacks.rb:97:in `__run_callbacks__'
activesupport (5.0.4) lib/active_support/callbacks.rb:750:in `_run_call_callbacks'
activesupport (5.0.4) lib/active_support/callbacks.rb:90:in `run_callbacks'
actionpack (5.0.4) lib/action_dispatch/middleware/callbacks.rb:36:in `call'
actionpack (5.0.4) lib/action_dispatch/middleware/executor.rb:12:in `call'
actionpack (5.0.4) lib/action_dispatch/middleware/remote_ip.rb:79:in `call'
actionpack (5.0.4) lib/action_dispatch/middleware/debug_exceptions.rb:49:in `call'
web-console (3.5.1) lib/web_console/middleware.rb:135:in `call_app'
web-console (3.5.1) lib/web_console/middleware.rb:28:in `block in call'
web-console (3.5.1) lib/web_console/middleware.rb:18:in `catch'
web-console (3.5.1) lib/web_console/middleware.rb:18:in `call'
actionpack (5.0.4) lib/action_dispatch/middleware/show_exceptions.rb:31:in `call'
railties (5.0.4) lib/rails/rack/logger.rb:36:in `call_app'
railties (5.0.4) lib/rails/rack/logger.rb:24:in `block in call'
activesupport (5.0.4) lib/active_support/tagged_logging.rb:69:in `block in tagged'
activesupport (5.0.4) lib/active_support/tagged_logging.rb:26:in `tagged'
activesupport (5.0.4) lib/active_support/tagged_logging.rb:69:in `tagged'
railties (5.0.4) lib/rails/rack/logger.rb:24:in `call'
sprockets-rails (3.2.0) lib/sprockets/rails/quiet_assets.rb:13:in `call'
actionpack (5.0.4) lib/action_dispatch/middleware/request_id.rb:24:in `call'
rack (2.0.3) lib/rack/method_override.rb:22:in `call'
rack (2.0.3) lib/rack/runtime.rb:22:in `call'
activesupport (5.0.4) lib/active_support/cache/strategy/local_cache_middleware.rb:28:in `call'
actionpack (5.0.4) lib/action_dispatch/middleware/executor.rb:12:in `call'
actionpack (5.0.4) lib/action_dispatch/middleware/static.rb:136:in `call'
rack (2.0.3) lib/rack/sendfile.rb:111:in `call'
railties (5.0.4) lib/rails/engine.rb:522:in `call'
puma (3.9.1) lib/puma/configuration.rb:224:in `call'
puma (3.9.1) lib/puma/server.rb:602:in `handle_request'
puma (3.9.1) lib/puma/server.rb:435:in `process_client'
puma (3.9.1) lib/puma/server.rb:299:in `block in run'
puma (3.9.1) lib/puma/thread_pool.rb:120:in `call'
puma (3.9.1) lib/puma/thread_pool.rb:120:in `block in spawn_thread'
  Rendering C:/RailsInstaller/Ruby2.2.0/lib/ruby/gems/2.2.0/gems/actionpack-5.0.4/lib/action_dispatch/middleware/templates/rescues/diagnostics.html.erb within rescues/layout
  Rendering C:/RailsInstaller/Ruby2.2.0/lib/ruby/gems/2.2.0/gems/actionpack-5.0.4/lib/action_dispatch/middleware/templates/rescues/_source.html.erb
  Rendered C:/RailsInstaller/Ruby2.2.0/lib/ruby/gems/2.2.0/gems/actionpack-5.0.4/lib/action_dispatch/middleware/templates/rescues/_source.html.erb (0.0ms)
  Rendering C:/RailsInstaller/Ruby2.2.0/lib/ruby/gems/2.2.0/gems/actionpack-5.0.4/lib/action_dispatch/middleware/templates/rescues/_trace.html.erb
  Rendered C:/RailsInstaller/Ruby2.2.0/lib/ruby/gems/2.2.0/gems/actionpack-5.0.4/lib/action_dispatch/middleware/templates/rescues/_trace.html.erb (0.0ms)
  Rendering C:/RailsInstaller/Ruby2.2.0/lib/ruby/gems/2.2.0/gems/actionpack-5.0.4/lib/action_dispatch/middleware/templates/rescues/_request_and_response.html.erb
  Rendered C:/RailsInstaller/Ruby2.2.0/lib/ruby/gems/2.2.0/gems/actionpack-5.0.4/lib/action_dispatch/middleware/templates/rescues/_request_and_response.html.erb (0.0ms)
  Rendered C:/RailsInstaller/Ruby2.2.0/lib/ruby/gems/2.2.0/gems/actionpack-5.0.4/lib/action_dispatch/middleware/templates/rescues/diagnostics.html.erb within rescues/layout (2121.6ms)
  [1m[35m (62.4ms)[0m  [1m[35mCREATE TABLE "schema_migrations" ("version" varchar NOT NULL PRIMARY KEY)[0m
  [1m[35m (93.6ms)[0m  [1m[35mCREATE TABLE "ar_internal_metadata" ("key" varchar NOT NULL PRIMARY KEY, "value" varchar, "created_at" datetime NOT NULL, "updated_at" datetime NOT NULL)[0m
  [1m[36mActiveRecord::SchemaMigration Load (0.0ms)[0m  [1m[34mSELECT "schema_migrations".* FROM "schema_migrations"[0m
Migrating to CreateBranches (20170705021906)
  [1m[35m (0.0ms)[0m  [1m[36mbegin transaction[0m
  [1m[35m (0.0ms)[0m  [1m[35mCREATE TABLE "branches" ("id" INTEGER PRIMARY KEY AUTOINCREMENT NOT NULL, "name" varchar, "branch_json_url" text, "created_at" datetime NOT NULL, "updated_at" datetime NOT NULL)[0m
  [1m[35mSQL (0.0ms)[0m  [1m[32mINSERT INTO "schema_migrations" ("version") VALUES (?)[0m  [["version", "20170705021906"]]
  [1m[35m (93.6ms)[0m  [1m[36mcommit transaction[0m
  [1m[36mActiveRecord::InternalMetadata Load (0.0ms)[0m  [1m[34mSELECT  "ar_internal_metadata".* FROM "ar_internal_metadata" WHERE "ar_internal_metadata"."key" = ? LIMIT ?[0m  [["key", "environment"], ["LIMIT", 1]]
  [1m[35m (0.0ms)[0m  [1m[36mbegin transaction[0m
  [1m[35mSQL (0.0ms)[0m  [1m[32mINSERT INTO "ar_internal_metadata" ("key", "value", "created_at", "updated_at") VALUES (?, ?, ?, ?)[0m  [["key", "environment"], ["value", "development"], ["created_at", "2017-07-05 02:19:56.292420"], ["updated_at", "2017-07-05 02:19:56.292420"]]
  [1m[35m (78.0ms)[0m  [1m[36mcommit transaction[0m
  [1m[36mActiveRecord::SchemaMigration Load (0.0ms)[0m  [1m[34mSELECT "schema_migrations".* FROM "schema_migrations"[0m
Started GET "/branches" for 127.0.0.1 at 2017-07-05 10:20:13 +0800
  [1m[36mActiveRecord::SchemaMigration Load (0.0ms)[0m  [1m[34mSELECT "schema_migrations".* FROM "schema_migrations"[0m
Processing by BranchesController#index as HTML
  Rendering branches/index.html.erb within layouts/application
  [1m[36mBranch Load (0.0ms)[0m  [1m[34mSELECT "branches".* FROM "branches"[0m
  Rendered branches/index.html.erb within layouts/application (15.6ms)
Completed 500 Internal Server Error in 1529ms (ActiveRecord: 15.6ms)


  
ActionView::Template::Error (TypeError: Object doesn't support this property or method):
    4:     <title>Dashboard</title>
    5:     <%= csrf_meta_tags %>
    6: 
    7:     <%= stylesheet_link_tag    'application', media: 'all', 'data-turbolinks-track': 'reload' %>
    8:     <%= javascript_include_tag 'application', 'data-turbolinks-track': 'reload' %>
    9:   </head>
   10: 
  
app/views/layouts/application.html.erb:7:in `_app_views_layouts_application_html_erb__862419429_45717396'
  Rendering C:/RailsInstaller/Ruby2.2.0/lib/ruby/gems/2.2.0/gems/actionpack-5.0.4/lib/action_dispatch/middleware/templates/rescues/template_error.html.erb within rescues/layout
  Rendering C:/RailsInstaller/Ruby2.2.0/lib/ruby/gems/2.2.0/gems/actionpack-5.0.4/lib/action_dispatch/middleware/templates/rescues/_source.html.erb
  Rendered C:/RailsInstaller/Ruby2.2.0/lib/ruby/gems/2.2.0/gems/actionpack-5.0.4/lib/action_dispatch/middleware/templates/rescues/_source.html.erb (15.6ms)
  Rendering C:/RailsInstaller/Ruby2.2.0/lib/ruby/gems/2.2.0/gems/actionpack-5.0.4/lib/action_dispatch/middleware/templates/rescues/_trace.html.erb
  Rendered C:/RailsInstaller/Ruby2.2.0/lib/ruby/gems/2.2.0/gems/actionpack-5.0.4/lib/action_dispatch/middleware/templates/rescues/_trace.html.erb (0.0ms)
  Rendering C:/RailsInstaller/Ruby2.2.0/lib/ruby/gems/2.2.0/gems/actionpack-5.0.4/lib/action_dispatch/middleware/templates/rescues/_request_and_response.html.erb
  Rendered C:/RailsInstaller/Ruby2.2.0/lib/ruby/gems/2.2.0/gems/actionpack-5.0.4/lib/action_dispatch/middleware/templates/rescues/_request_and_response.html.erb (0.0ms)
  Rendered C:/RailsInstaller/Ruby2.2.0/lib/ruby/gems/2.2.0/gems/actionpack-5.0.4/lib/action_dispatch/middleware/templates/rescues/template_error.html.erb within rescues/layout (2027.8ms)
Started GET "/" for 127.0.0.1 at 2017-07-05 10:22:24 +0800
  [1m[36mActiveRecord::SchemaMigration Load (0.0ms)[0m  [1m[34mSELECT "schema_migrations".* FROM "schema_migrations"[0m
Processing by Rails::WelcomeController#index as HTML
  Parameters: {"internal"=>true}
  Rendering C:/RailsInstaller/Ruby2.2.0/lib/ruby/gems/2.2.0/gems/railties-5.0.4/lib/rails/templates/rails/welcome/index.html.erb
  Rendered C:/RailsInstaller/Ruby2.2.0/lib/ruby/gems/2.2.0/gems/railties-5.0.4/lib/rails/templates/rails/welcome/index.html.erb (15.6ms)
Completed 200 OK in 140ms (Views: 67.4ms | ActiveRecord: 0.0ms)


Started GET "/branches" for 127.0.0.1 at 2017-07-05 10:22:30 +0800
Processing by BranchesController#index as HTML
  Rendering branches/index.html.erb within layouts/application
  [1m[36mBranch Load (0.0ms)[0m  [1m[34mSELECT "branches".* FROM "branches"[0m
  Rendered branches/index.html.erb within layouts/application (0.0ms)
Completed 200 OK in 1154ms (Views: 1120.9ms | ActiveRecord: 0.0ms)


Started GET "/branches/new" for 127.0.0.1 at 2017-07-05 10:22:52 +0800
Processing by BranchesController#new as HTML
  Rendering branches/new.html.erb within layouts/application
  Rendered branches/_form.html.erb (157.0ms)
  Rendered branches/new.html.erb within layouts/application (212.0ms)
Completed 200 OK in 493ms (Views: 426.5ms | ActiveRecord: 0.0ms)


Started GET "/branches" for 127.0.0.1 at 2017-07-05 10:22:56 +0800
Processing by BranchesController#index as HTML
  Rendering branches/index.html.erb within layouts/application
  [1m[36mBranch Load (0.0ms)[0m  [1m[34mSELECT "branches".* FROM "branches"[0m
  Rendered branches/index.html.erb within layouts/application (2.0ms)
Completed 200 OK in 202ms (Views: 160.6ms | ActiveRecord: 0.0ms)


  [1m[36mActiveRecord::SchemaMigration Load (0.2ms)[0m  [1m[34mSELECT "schema_migrations".* FROM "schema_migrations"[0m
Migrating to DeviseCreateUsers (20170705020201)
  [1m[35m (0.1ms)[0m  [1m[36mbegin transaction[0m
  [1m[35m (0.4ms)[0m  [1m[35mCREATE TABLE "users" ("id" INTEGER PRIMARY KEY AUTOINCREMENT NOT NULL, "name" varchar, "email" varchar DEFAULT '' NOT NULL, "encrypted_password" varchar DEFAULT '' NOT NULL, "reset_password_token" varchar, "reset_password_sent_at" datetime, "remember_created_at" datetime, "sign_in_count" integer DEFAULT 0 NOT NULL, "current_sign_in_at" datetime, "last_sign_in_at" datetime, "current_sign_in_ip" varchar, "last_sign_in_ip" varchar, "created_at" datetime NOT NULL, "updated_at" datetime NOT NULL)[0m
  [1m[35m (0.1ms)[0m  [1m[34mselect sqlite_version(*)[0m
  [1m[35m (1.9ms)[0m  [1m[35mCREATE UNIQUE INDEX "index_users_on_email" ON "users" ("email")[0m
  [1m[35m (0.1ms)[0m  [1m[34m            SELECT sql
            FROM sqlite_master
            WHERE name='index_users_on_email' AND type='index'
            UNION ALL
            SELECT sql
            FROM sqlite_temp_master
            WHERE name='index_users_on_email' AND type='index'
[0m
  [1m[35m (0.2ms)[0m  [1m[35mCREATE UNIQUE INDEX "index_users_on_reset_password_token" ON "users" ("reset_password_token")[0m
  [1m[35mSQL (0.3ms)[0m  [1m[32mINSERT INTO "schema_migrations" ("version") VALUES (?)[0m  [["version", "20170705020201"]]
  [1m[35m (11.8ms)[0m  [1m[36mcommit transaction[0m
  [1m[36mActiveRecord::InternalMetadata Load (0.2ms)[0m  [1m[34mSELECT  "ar_internal_metadata".* FROM "ar_internal_metadata" WHERE "ar_internal_metadata"."key" = ? LIMIT ?[0m  [["key", "environment"], ["LIMIT", 1]]
  [1m[35m (0.1ms)[0m  [1m[36mbegin transaction[0m
  [1m[35m (0.1ms)[0m  [1m[36mcommit transaction[0m
  [1m[36mActiveRecord::SchemaMigration Load (0.1ms)[0m  [1m[34mSELECT "schema_migrations".* FROM "schema_migrations"[0m
  [1m[35m (0.1ms)[0m  [1m[34m            SELECT sql
            FROM sqlite_master
            WHERE name='index_users_on_reset_password_token' AND type='index'
            UNION ALL
            SELECT sql
            FROM sqlite_temp_master
            WHERE name='index_users_on_reset_password_token' AND type='index'
[0m
  [1m[35m (0.1ms)[0m  [1m[34m            SELECT sql
            FROM sqlite_master
            WHERE name='index_users_on_email' AND type='index'
            UNION ALL
            SELECT sql
            FROM sqlite_temp_master
            WHERE name='index_users_on_email' AND type='index'
[0m
Started GET "/" for 10.240.0.5 at 2017-07-05 02:59:41 +0000
Cannot render console from 10.240.0.5! Allowed networks: 127.0.0.1, ::1, 127.0.0.0/127.255.255.255
  [1m[36mActiveRecord::SchemaMigration Load (0.3ms)[0m  [1m[34mSELECT "schema_migrations".* FROM "schema_migrations"[0m
Processing by HomeController#index as HTML
  Rendering home/index.html.erb within layouts/application
  Rendered home/index.html.erb within layouts/application (7.1ms)
Completed 200 OK in 562ms (Views: 546.6ms | ActiveRecord: 0.0ms)


Started GET "/users/sign_in" for 10.240.0.33 at 2017-07-05 02:59:46 +0000
Cannot render console from 10.240.0.33! Allowed networks: 127.0.0.1, ::1, 127.0.0.0/127.255.255.255
Processing by Devise::SessionsController#new as HTML
  Rendering devise/sessions/new.html.erb within layouts/application
  Rendered devise/shared/_links.html.erb (1.8ms)
  Rendered devise/sessions/new.html.erb within layouts/application (32.2ms)
Completed 200 OK in 194ms (Views: 176.5ms | ActiveRecord: 0.9ms)


Started GET "/users/sign_up" for 10.240.0.5 at 2017-07-05 02:59:51 +0000
Cannot render console from 10.240.0.5! Allowed networks: 127.0.0.1, ::1, 127.0.0.0/127.255.255.255
Processing by RegistrationsController#new as HTML
  Rendering devise/registrations/new.html.erb within layouts/application
  Rendered devise/shared/_links.html.erb (1.1ms)
  Rendered devise/registrations/new.html.erb within layouts/application (7.1ms)
Completed 200 OK in 37ms (Views: 35.1ms | ActiveRecord: 0.0ms)


Started GET "/" for 127.0.0.1 at 2017-07-05 11:35:03 +0800
  [1m[36mActiveRecord::SchemaMigration Load (0.1ms)[0m  [1m[34mSELECT "schema_migrations".* FROM "schema_migrations"[0m
Processing by HomeController#index as HTML
  Rendering home/index.html.erb within layouts/application
  Rendered home/index.html.erb within layouts/application (15.1ms)
Completed 200 OK in 663ms (Views: 633.7ms | ActiveRecord: 0.0ms)


Started GET "/users/sign_in" for 127.0.0.1 at 2017-07-05 11:35:08 +0800
Processing by Devise::SessionsController#new as HTML
  Rendering devise/sessions/new.html.erb within layouts/application
  Rendered devise/shared/_links.html.erb (1.0ms)
  Rendered devise/sessions/new.html.erb within layouts/application (182.0ms)
Completed 200 OK in 230ms (Views: 215.9ms | ActiveRecord: 0.8ms)


Started POST "/users/sign_in" for 127.0.0.1 at 2017-07-05 11:35:10 +0800
Processing by Devise::SessionsController#create as HTML
  Parameters: {"utf8"=>"✓", "authenticity_token"=>"4/GNvp497UIWglNvqGRf55386WM6OrKZCHIrSng4Ow0Ci0MNlrf9GoerkwO5GljKB8I/TBDvLXxVGfDKojjnDw==", "user"=>{"email"=>"rcgo3@Up.edu.ph", "password"=>"[FILTERED]", "remember_me"=>"0"}, "commit"=>"Log in"}
  [1m[36mUser Load (0.4ms)[0m  [1m[34mSELECT  "users".* FROM "users" WHERE "users"."email" = ? ORDER BY "users"."id" ASC LIMIT ?[0m  [["email", "rcgo3@up.edu.ph"], ["LIMIT", 1]]
Completed 401 Unauthorized in 23ms (ActiveRecord: 0.4ms)


Processing by Devise::SessionsController#new as HTML
  Parameters: {"utf8"=>"✓", "authenticity_token"=>"4/GNvp497UIWglNvqGRf55386WM6OrKZCHIrSng4Ow0Ci0MNlrf9GoerkwO5GljKB8I/TBDvLXxVGfDKojjnDw==", "user"=>{"email"=>"rcgo3@Up.edu.ph", "password"=>"[FILTERED]", "remember_me"=>"0"}, "commit"=>"Log in"}
  Rendering devise/sessions/new.html.erb within layouts/application
  Rendered devise/shared/_links.html.erb (1.9ms)
  Rendered devise/sessions/new.html.erb within layouts/application (5.2ms)
Completed 200 OK in 451ms (Views: 36.4ms | ActiveRecord: 0.0ms)


Started POST "/users/sign_in" for 127.0.0.1 at 2017-07-05 11:35:13 +0800
Processing by Devise::SessionsController#create as HTML
  Parameters: {"utf8"=>"✓", "authenticity_token"=>"H04hSDMWkTsZzOmN6p+281CkUf/AGjfaYNSNwGV1EgcLTQf0/kUxT+ZVo/uj39isd4NdKx6yUMLsg8tilk1/oA==", "user"=>{"email"=>"rcgo3@Up.edu.ph", "password"=>"[FILTERED]", "remember_me"=>"0"}, "commit"=>"Log in"}
  [1m[36mUser Load (0.5ms)[0m  [1m[34mSELECT  "users".* FROM "users" WHERE "users"."email" = ? ORDER BY "users"."id" ASC LIMIT ?[0m  [["email", "rcgo3@up.edu.ph"], ["LIMIT", 1]]
Completed 401 Unauthorized in 5ms (ActiveRecord: 0.5ms)


Processing by Devise::SessionsController#new as HTML
  Parameters: {"utf8"=>"✓", "authenticity_token"=>"H04hSDMWkTsZzOmN6p+281CkUf/AGjfaYNSNwGV1EgcLTQf0/kUxT+ZVo/uj39isd4NdKx6yUMLsg8tilk1/oA==", "user"=>{"email"=>"rcgo3@Up.edu.ph", "password"=>"[FILTERED]", "remember_me"=>"0"}, "commit"=>"Log in"}
  Rendering devise/sessions/new.html.erb within layouts/application
  Rendered devise/shared/_links.html.erb (1.2ms)
  Rendered devise/sessions/new.html.erb within layouts/application (4.9ms)
Completed 200 OK in 179ms (Views: 31.9ms | ActiveRecord: 0.0ms)


Started POST "/users/sign_in" for 127.0.0.1 at 2017-07-05 11:35:14 +0800
Processing by Devise::SessionsController#create as HTML
  Parameters: {"utf8"=>"✓", "authenticity_token"=>"OYR7YE2offN1X1iMfedgwdewi3fd0OvtffZ/K6KVCQ8th13cgPvdh4rGEvo0pw6e8JeHowN4jPXxoTmJUa1kqA==", "user"=>{"email"=>"rcgo3@Up.edu.ph", "password"=>"[FILTERED]", "remember_me"=>"0"}, "commit"=>"Log in"}
  [1m[36mUser Load (0.4ms)[0m  [1m[34mSELECT  "users".* FROM "users" WHERE "users"."email" = ? ORDER BY "users"."id" ASC LIMIT ?[0m  [["email", "rcgo3@up.edu.ph"], ["LIMIT", 1]]
Completed 401 Unauthorized in 3ms (ActiveRecord: 0.4ms)


Processing by Devise::SessionsController#new as HTML
  Parameters: {"utf8"=>"✓", "authenticity_token"=>"OYR7YE2offN1X1iMfedgwdewi3fd0OvtffZ/K6KVCQ8th13cgPvdh4rGEvo0pw6e8JeHowN4jPXxoTmJUa1kqA==", "user"=>{"email"=>"rcgo3@Up.edu.ph", "password"=>"[FILTERED]", "remember_me"=>"0"}, "commit"=>"Log in"}
  Rendering devise/sessions/new.html.erb within layouts/application
  Rendered devise/shared/_links.html.erb (1.0ms)
  Rendered devise/sessions/new.html.erb within layouts/application (3.7ms)
Completed 200 OK in 174ms (Views: 27.7ms | ActiveRecord: 0.0ms)


Started POST "/users/sign_in" for 127.0.0.1 at 2017-07-05 11:35:17 +0800
Processing by Devise::SessionsController#create as HTML
  Parameters: {"utf8"=>"✓", "authenticity_token"=>"Tu6U9psZUczjGKMHAXVNFkrXhM8N3q4wXamkfLvsPWda7bJKVkrxuByB6XFINSNJbfCIG9N2ySjR/uLeSNRQwA==", "user"=>{"email"=>"rcgo3@Up.edu.ph", "password"=>"[FILTERED]", "remember_me"=>"1"}, "commit"=>"Log in"}
  [1m[36mUser Load (0.3ms)[0m  [1m[34mSELECT  "users".* FROM "users" WHERE "users"."email" = ? ORDER BY "users"."id" ASC LIMIT ?[0m  [["email", "rcgo3@up.edu.ph"], ["LIMIT", 1]]
Completed 401 Unauthorized in 3ms (ActiveRecord: 0.3ms)


Processing by Devise::SessionsController#new as HTML
  Parameters: {"utf8"=>"✓", "authenticity_token"=>"Tu6U9psZUczjGKMHAXVNFkrXhM8N3q4wXamkfLvsPWda7bJKVkrxuByB6XFINSNJbfCIG9N2ySjR/uLeSNRQwA==", "user"=>{"email"=>"rcgo3@Up.edu.ph", "password"=>"[FILTERED]", "remember_me"=>"1"}, "commit"=>"Log in"}
  Rendering devise/sessions/new.html.erb within layouts/application
  Rendered devise/shared/_links.html.erb (0.9ms)
  Rendered devise/sessions/new.html.erb within layouts/application (4.5ms)
Completed 200 OK in 166ms (Views: 20.9ms | ActiveRecord: 0.0ms)


Started GET "/users/sign_up" for 127.0.0.1 at 2017-07-05 11:35:20 +0800
Processing by RegistrationsController#new as HTML
  Rendering devise/registrations/new.html.erb within layouts/application
  Rendered devise/shared/_links.html.erb (1.6ms)
  Rendered devise/registrations/new.html.erb within layouts/application (6.5ms)
Completed 200 OK in 29ms (Views: 27.6ms | ActiveRecord: 0.0ms)


Started POST "/users" for 127.0.0.1 at 2017-07-05 11:35:34 +0800
Processing by RegistrationsController#create as HTML
  Parameters: {"utf8"=>"✓", "authenticity_token"=>"jJOkDod745Z+gG7ftKONam5VA+AZk7YO32oU4Y8MIhQtOQf1IvI5q9Q919ss3dBgPqxOVgqfMXL+o4H41vsPaw==", "user"=>{"email"=>"rcgo3@Up.edu.ph", "password"=>"[FILTERED]", "password_confirmation"=>"[FILTERED]"}, "commit"=>"Sign up"}
  [1m[35m (0.1ms)[0m  [1m[36mbegin transaction[0m
  [1m[36mUser Exists (0.2ms)[0m  [1m[34mSELECT  1 AS one FROM "users" WHERE "users"."email" = ? LIMIT ?[0m  [["email", "rcgo3@up.edu.ph"], ["LIMIT", 1]]
  [1m[35m (0.1ms)[0m  [1m[31mrollback transaction[0m
  Rendering devise/registrations/new.html.erb within layouts/application
  Rendered devise/shared/_links.html.erb (1.2ms)
  Rendered devise/registrations/new.html.erb within layouts/application (4.7ms)
Completed 200 OK in 289ms (Views: 22.1ms | ActiveRecord: 0.3ms)


Started GET "/users" for 127.0.0.1 at 2017-07-05 11:35:38 +0800
  
ActionController::RoutingError (uninitialized constant UsersController):
  
activesupport (5.0.4) lib/active_support/inflector/methods.rb:268:in `const_get'
activesupport (5.0.4) lib/active_support/inflector/methods.rb:268:in `block in constantize'
activesupport (5.0.4) lib/active_support/inflector/methods.rb:266:in `each'
activesupport (5.0.4) lib/active_support/inflector/methods.rb:266:in `inject'
activesupport (5.0.4) lib/active_support/inflector/methods.rb:266:in `constantize'
actionpack (5.0.4) lib/action_dispatch/http/request.rb:81:in `controller_class'
actionpack (5.0.4) lib/action_dispatch/routing/route_set.rb:44:in `controller'
actionpack (5.0.4) lib/action_dispatch/routing/route_set.rb:30:in `serve'
actionpack (5.0.4) lib/action_dispatch/journey/router.rb:39:in `block in serve'
actionpack (5.0.4) lib/action_dispatch/journey/router.rb:26:in `each'
actionpack (5.0.4) lib/action_dispatch/journey/router.rb:26:in `serve'
actionpack (5.0.4) lib/action_dispatch/routing/route_set.rb:725:in `call'
warden (1.2.7) lib/warden/manager.rb:36:in `block in call'
warden (1.2.7) lib/warden/manager.rb:35:in `catch'
warden (1.2.7) lib/warden/manager.rb:35:in `call'
rack (2.0.3) lib/rack/etag.rb:25:in `call'
rack (2.0.3) lib/rack/conditional_get.rb:25:in `call'
rack (2.0.3) lib/rack/head.rb:12:in `call'
rack (2.0.3) lib/rack/session/abstract/id.rb:232:in `context'
rack (2.0.3) lib/rack/session/abstract/id.rb:226:in `call'
actionpack (5.0.4) lib/action_dispatch/middleware/cookies.rb:613:in `call'
activerecord (5.0.4) lib/active_record/migration.rb:553:in `call'
actionpack (5.0.4) lib/action_dispatch/middleware/callbacks.rb:38:in `block in call'
activesupport (5.0.4) lib/active_support/callbacks.rb:97:in `__run_callbacks__'
activesupport (5.0.4) lib/active_support/callbacks.rb:750:in `_run_call_callbacks'
activesupport (5.0.4) lib/active_support/callbacks.rb:90:in `run_callbacks'
actionpack (5.0.4) lib/action_dispatch/middleware/callbacks.rb:36:in `call'
actionpack (5.0.4) lib/action_dispatch/middleware/executor.rb:12:in `call'
actionpack (5.0.4) lib/action_dispatch/middleware/remote_ip.rb:79:in `call'
actionpack (5.0.4) lib/action_dispatch/middleware/debug_exceptions.rb:49:in `call'
web-console (3.5.1) lib/web_console/middleware.rb:135:in `call_app'
web-console (3.5.1) lib/web_console/middleware.rb:28:in `block in call'
web-console (3.5.1) lib/web_console/middleware.rb:18:in `catch'
web-console (3.5.1) lib/web_console/middleware.rb:18:in `call'
actionpack (5.0.4) lib/action_dispatch/middleware/show_exceptions.rb:31:in `call'
railties (5.0.4) lib/rails/rack/logger.rb:36:in `call_app'
railties (5.0.4) lib/rails/rack/logger.rb:24:in `block in call'
activesupport (5.0.4) lib/active_support/tagged_logging.rb:69:in `block in tagged'
activesupport (5.0.4) lib/active_support/tagged_logging.rb:26:in `tagged'
activesupport (5.0.4) lib/active_support/tagged_logging.rb:69:in `tagged'
railties (5.0.4) lib/rails/rack/logger.rb:24:in `call'
sprockets-rails (3.2.0) lib/sprockets/rails/quiet_assets.rb:13:in `call'
actionpack (5.0.4) lib/action_dispatch/middleware/request_id.rb:24:in `call'
rack (2.0.3) lib/rack/method_override.rb:22:in `call'
rack (2.0.3) lib/rack/runtime.rb:22:in `call'
activesupport (5.0.4) lib/active_support/cache/strategy/local_cache_middleware.rb:28:in `call'
actionpack (5.0.4) lib/action_dispatch/middleware/executor.rb:12:in `call'
actionpack (5.0.4) lib/action_dispatch/middleware/static.rb:136:in `call'
rack (2.0.3) lib/rack/sendfile.rb:111:in `call'
railties (5.0.4) lib/rails/engine.rb:522:in `call'
puma (3.9.1) lib/puma/configuration.rb:224:in `call'
puma (3.9.1) lib/puma/server.rb:602:in `handle_request'
puma (3.9.1) lib/puma/server.rb:435:in `process_client'
puma (3.9.1) lib/puma/server.rb:299:in `block in run'
puma (3.9.1) lib/puma/thread_pool.rb:120:in `block in spawn_thread'
  Rendering /home/rjgo/.rvm/gems/ruby-2.4.0/gems/actionpack-5.0.4/lib/action_dispatch/middleware/templates/rescues/routing_error.html.erb within rescues/layout
  Rendering /home/rjgo/.rvm/gems/ruby-2.4.0/gems/actionpack-5.0.4/lib/action_dispatch/middleware/templates/rescues/_trace.html.erb
  Rendered /home/rjgo/.rvm/gems/ruby-2.4.0/gems/actionpack-5.0.4/lib/action_dispatch/middleware/templates/rescues/_trace.html.erb (6.8ms)
  Rendered collection of /home/rjgo/.rvm/gems/ruby-2.4.0/gems/actionpack-5.0.4/lib/action_dispatch/middleware/templates/routes/_route.html.erb [33 times] (8.7ms)
  Rendered /home/rjgo/.rvm/gems/ruby-2.4.0/gems/actionpack-5.0.4/lib/action_dispatch/middleware/templates/routes/_table.html.erb (10.2ms)
  Rendering /home/rjgo/.rvm/gems/ruby-2.4.0/gems/actionpack-5.0.4/lib/action_dispatch/middleware/templates/rescues/_request_and_response.html.erb
  Rendered /home/rjgo/.rvm/gems/ruby-2.4.0/gems/actionpack-5.0.4/lib/action_dispatch/middleware/templates/rescues/_request_and_response.html.erb (1.9ms)
  Rendered /home/rjgo/.rvm/gems/ruby-2.4.0/gems/actionpack-5.0.4/lib/action_dispatch/middleware/templates/rescues/routing_error.html.erb within rescues/layout (56.7ms)
Started GET "/" for 127.0.0.1 at 2017-07-05 11:35:44 +0800
Processing by HomeController#index as HTML
  Rendering home/index.html.erb within layouts/application
  Rendered home/index.html.erb within layouts/application (1.3ms)
Completed 200 OK in 35ms (Views: 33.6ms | ActiveRecord: 0.0ms)


Started GET "/users/sign_in" for 127.0.0.1 at 2017-07-05 11:35:47 +0800
Processing by Devise::SessionsController#new as HTML
  Rendering devise/sessions/new.html.erb within layouts/application
  Rendered devise/shared/_links.html.erb (1.0ms)
  Rendered devise/sessions/new.html.erb within layouts/application (5.0ms)
Completed 200 OK in 36ms (Views: 35.0ms | ActiveRecord: 0.0ms)


Started POST "/users/sign_in" for 127.0.0.1 at 2017-07-05 11:35:50 +0800
Processing by Devise::SessionsController#create as HTML
  Parameters: {"utf8"=>"✓", "authenticity_token"=>"G7TRLXL84zAdqQVqG64bkNCrWTW1IhBh/QRWMJ/iP0r6zh+eenbzaIyAxQYK0By9SpWPGp/3j4Sgb42wReLjSA==", "user"=>{"email"=>"rcgo3@Up.edu.ph", "password"=>"[FILTERED]", "remember_me"=>"0"}, "commit"=>"Log in"}
  [1m[36mUser Load (1.1ms)[0m  [1m[34mSELECT  "users".* FROM "users" WHERE "users"."email" = ? ORDER BY "users"."id" ASC LIMIT ?[0m  [["email", "rcgo3@up.edu.ph"], ["LIMIT", 1]]
Completed 401 Unauthorized in 5ms (ActiveRecord: 1.1ms)


Processing by Devise::SessionsController#new as HTML
  Parameters: {"utf8"=>"✓", "authenticity_token"=>"G7TRLXL84zAdqQVqG64bkNCrWTW1IhBh/QRWMJ/iP0r6zh+eenbzaIyAxQYK0By9SpWPGp/3j4Sgb42wReLjSA==", "user"=>{"email"=>"rcgo3@Up.edu.ph", "password"=>"[FILTERED]", "remember_me"=>"0"}, "commit"=>"Log in"}
  Rendering devise/sessions/new.html.erb within layouts/application
  Rendered devise/shared/_links.html.erb (0.8ms)
  Rendered devise/sessions/new.html.erb within layouts/application (3.3ms)
Completed 200 OK in 165ms (Views: 19.4ms | ActiveRecord: 0.0ms)


Started POST "/users/sign_in" for 127.0.0.1 at 2017-07-05 11:35:51 +0800
Processing by Devise::SessionsController#create as HTML
  Parameters: {"utf8"=>"✓", "authenticity_token"=>"ePZM5FZ4AUZ+NTDCgm6cCK0VUFxaGNU7nR/9+XXastBs9WpYmyuhMoGserTLLvJXijJciISwsiMRSLtbhuLfdw==", "user"=>{"email"=>"rcgo3@Up.edu.ph", "password"=>"[FILTERED]", "remember_me"=>"0"}, "commit"=>"Log in"}
  [1m[36mUser Load (0.2ms)[0m  [1m[34mSELECT  "users".* FROM "users" WHERE "users"."email" = ? ORDER BY "users"."id" ASC LIMIT ?[0m  [["email", "rcgo3@up.edu.ph"], ["LIMIT", 1]]
Completed 401 Unauthorized in 2ms (ActiveRecord: 0.2ms)


Processing by Devise::SessionsController#new as HTML
  Parameters: {"utf8"=>"✓", "authenticity_token"=>"ePZM5FZ4AUZ+NTDCgm6cCK0VUFxaGNU7nR/9+XXastBs9WpYmyuhMoGserTLLvJXijJciISwsiMRSLtbhuLfdw==", "user"=>{"email"=>"rcgo3@Up.edu.ph", "password"=>"[FILTERED]", "remember_me"=>"0"}, "commit"=>"Log in"}
  Rendering devise/sessions/new.html.erb within layouts/application
  Rendered devise/shared/_links.html.erb (0.9ms)
  Rendered devise/sessions/new.html.erb within layouts/application (3.7ms)
Completed 200 OK in 173ms (Views: 22.0ms | ActiveRecord: 0.0ms)


Started POST "/users/sign_in" for 127.0.0.1 at 2017-07-05 11:35:51 +0800
Processing by Devise::SessionsController#create as HTML
  Parameters: {"utf8"=>"✓", "authenticity_token"=>"Rkyt0z2+E83WsTmeJCDWI+zF85okNSx5zE6GkxCpizFST4tv8O2zuSkoc+htYLh8y+L/TvqdS2FAGcAx45Hmlg==", "user"=>{"email"=>"rcgo3@Up.edu.ph", "password"=>"[FILTERED]", "remember_me"=>"0"}, "commit"=>"Log in"}
  [1m[36mUser Load (0.3ms)[0m  [1m[34mSELECT  "users".* FROM "users" WHERE "users"."email" = ? ORDER BY "users"."id" ASC LIMIT ?[0m  [["email", "rcgo3@up.edu.ph"], ["LIMIT", 1]]
Completed 401 Unauthorized in 5ms (ActiveRecord: 0.3ms)


Processing by Devise::SessionsController#new as HTML
  Parameters: {"utf8"=>"✓", "authenticity_token"=>"Rkyt0z2+E83WsTmeJCDWI+zF85okNSx5zE6GkxCpizFST4tv8O2zuSkoc+htYLh8y+L/TvqdS2FAGcAx45Hmlg==", "user"=>{"email"=>"rcgo3@Up.edu.ph", "password"=>"[FILTERED]", "remember_me"=>"0"}, "commit"=>"Log in"}
  Rendering devise/sessions/new.html.erb within layouts/application
  Rendered devise/shared/_links.html.erb (0.9ms)
  Rendered devise/sessions/new.html.erb within layouts/application (3.3ms)
Completed 200 OK in 196ms (Views: 35.0ms | ActiveRecord: 0.0ms)


Started POST "/users/sign_in" for 127.0.0.1 at 2017-07-05 11:35:57 +0800
Processing by Devise::SessionsController#create as HTML
  Parameters: {"utf8"=>"✓", "authenticity_token"=>"J6qy/VvWS/3s7LhRK50R8z/BEyzlKBXapq8rzM8GpxMzqZRBloXriRN18idi3X+sGOYf+DuAcsIq+G1uPD7KtA==", "user"=>{"email"=>"rcgo3@Up.edu.ph", "password"=>"[FILTERED]", "remember_me"=>"0"}, "commit"=>"Log in"}
  [1m[36mUser Load (0.4ms)[0m  [1m[34mSELECT  "users".* FROM "users" WHERE "users"."email" = ? ORDER BY "users"."id" ASC LIMIT ?[0m  [["email", "rcgo3@up.edu.ph"], ["LIMIT", 1]]
Completed 401 Unauthorized in 2ms (ActiveRecord: 0.4ms)


Processing by Devise::SessionsController#new as HTML
  Parameters: {"utf8"=>"✓", "authenticity_token"=>"J6qy/VvWS/3s7LhRK50R8z/BEyzlKBXapq8rzM8GpxMzqZRBloXriRN18idi3X+sGOYf+DuAcsIq+G1uPD7KtA==", "user"=>{"email"=>"rcgo3@Up.edu.ph", "password"=>"[FILTERED]", "remember_me"=>"0"}, "commit"=>"Log in"}
  Rendering devise/sessions/new.html.erb within layouts/application
  Rendered devise/shared/_links.html.erb (0.9ms)
  Rendered devise/sessions/new.html.erb within layouts/application (3.6ms)
Completed 200 OK in 167ms (Views: 20.9ms | ActiveRecord: 0.0ms)


Started GET "/users/sign_up" for 127.0.0.1 at 2017-07-05 11:36:03 +0800
Processing by RegistrationsController#new as HTML
  Rendering devise/registrations/new.html.erb within layouts/application
  Rendered devise/shared/_links.html.erb (1.7ms)
  Rendered devise/registrations/new.html.erb within layouts/application (7.3ms)
Completed 200 OK in 42ms (Views: 40.6ms | ActiveRecord: 0.0ms)


Started POST "/users" for 127.0.0.1 at 2017-07-05 11:36:21 +0800
Processing by RegistrationsController#create as HTML
  Parameters: {"utf8"=>"✓", "authenticity_token"=>"bSz9P+3m7zTah0fyrylPpwaR3h1FFVDBW10cRIQw3XrMhl7ESG81CXA6/vY3VxKtVmiTq1YZ1716lIld3cfwBQ==", "user"=>{"email"=>"rcgo3@up.edu.ph", "password"=>"[FILTERED]", "password_confirmation"=>"[FILTERED]"}, "commit"=>"Sign up"}
  [1m[35m (0.1ms)[0m  [1m[36mbegin transaction[0m
  [1m[36mUser Exists (0.1ms)[0m  [1m[34mSELECT  1 AS one FROM "users" WHERE "users"."email" = ? LIMIT ?[0m  [["email", "rcgo3@up.edu.ph"], ["LIMIT", 1]]
  [1m[35mSQL (0.2ms)[0m  [1m[32mINSERT INTO "users" ("email", "encrypted_password", "created_at", "updated_at") VALUES (?, ?, ?, ?)[0m  [["email", "rcgo3@up.edu.ph"], ["encrypted_password", "$2a$11$p7IP9x7lKeicGMKUhLGam.JBHtonxEhPg9wct8k56k8TH6WEQEwHK"], ["created_at", "2017-07-05 03:36:21.868176"], ["updated_at", "2017-07-05 03:36:21.868176"]]
  [1m[35m (101.3ms)[0m  [1m[36mcommit transaction[0m
  [1m[35m (0.1ms)[0m  [1m[36mbegin transaction[0m
  [1m[35mSQL (19.0ms)[0m  [1m[33mUPDATE "users" SET "sign_in_count" = ?, "current_sign_in_at" = ?, "last_sign_in_at" = ?, "current_sign_in_ip" = ?, "last_sign_in_ip" = ?, "updated_at" = ? WHERE "users"."id" = ?[0m  [["sign_in_count", 1], ["current_sign_in_at", "2017-07-05 03:36:21.971201"], ["last_sign_in_at", "2017-07-05 03:36:21.971201"], ["current_sign_in_ip", "127.0.0.1"], ["last_sign_in_ip", "127.0.0.1"], ["updated_at", "2017-07-05 03:36:21.971893"], ["id", 1]]
  [1m[35m (78.1ms)[0m  [1m[36mcommit transaction[0m
Redirected to http://localhost:3000/
Completed 302 Found in 351ms (ActiveRecord: 198.8ms)


Started GET "/" for 127.0.0.1 at 2017-07-05 11:36:22 +0800
Processing by HomeController#index as HTML
  [1m[36mUser Load (0.2ms)[0m  [1m[34mSELECT  "users".* FROM "users" WHERE "users"."id" = ? ORDER BY "users"."id" ASC LIMIT ?[0m  [["id", 1], ["LIMIT", 1]]
Redirected to http://localhost:3000/branches
Completed 302 Found in 1ms (ActiveRecord: 0.2ms)


Started GET "/branches" for 127.0.0.1 at 2017-07-05 11:36:22 +0800
Processing by BranchesController#index as HTML
  Rendering branches/index.html.erb within layouts/application
  [1m[36mBranch Load (0.1ms)[0m  [1m[34mSELECT "branches".* FROM "branches"[0m
  Rendered branches/index.html.erb within layouts/application (2.6ms)
Completed 200 OK in 26ms (Views: 19.7ms | ActiveRecord: 0.5ms)


Started GET "/branches/new" for 127.0.0.1 at 2017-07-05 11:36:26 +0800
Processing by BranchesController#new as HTML
  Rendering branches/new.html.erb within layouts/application
  Rendered branches/_form.html.erb (25.1ms)
  Rendered branches/new.html.erb within layouts/application (28.8ms)
Completed 200 OK in 54ms (Views: 47.4ms | ActiveRecord: 0.7ms)


